<?xml version="1.0" encoding="UTF-8"?>
<!-- Generated by org.testng.reporters.JUnitReportReporter -->
<testsuite hostname="RheeMacMini.local" name="steps.TestRunner" tests="1" failures="0" timestamp="11 Aug 2017 20:18:42 GMT" time="13.523" errors="0">
  <testcase name="feature" time="13.523" classname="steps.TestRunner"/>
</testsuite> <!-- steps.TestRunner -->
